epoch,acc,loss,val_acc,val_loss
0,0.9411333333333334,0.34724392634232837,0.9708,0.2306119589328766
1,0.97055,0.217285071460406,0.9741,0.19425794143676758
2,0.9747333333333333,0.18883669101397196,0.9777,0.1749576504468918
3,0.9758,0.17709621263345082,0.9785,0.16147231692075728
4,0.9772,0.16736679480075836,0.9781,0.1603396345973015
5,0.9775666666666667,0.16241257330576578,0.9796,0.1529588893532753
6,0.9789333333333333,0.1556552097360293,0.9813,0.14539858882427215
7,0.9793166666666666,0.15154827144940694,0.9823,0.13767742646932601
8,0.9792,0.14820611358483632,0.9797,0.14530753399133683
9,0.9793166666666666,0.14841321890354156,0.9802,0.14391372376680375
10,0.9805166666666667,0.14347867912451426,0.9778,0.15213695621490478
11,0.9804,0.14074704645872116,0.9797,0.13891015124320985
12,0.9796666666666667,0.14081645549933117,0.9766,0.15211889307498933
13,0.9798666666666667,0.13790029187202454,0.9721,0.16013381963968276
14,0.9804166666666667,0.13610667675336202,0.9819,0.1295932637453079
15,0.9816,0.13159642486572265,0.9783,0.14251457600593567
16,0.9816166666666667,0.13143502747217814,0.9811,0.13041944105625153
17,0.98185,0.1298756786028544,0.9804,0.13178461701869965
18,0.98145,0.13005325766404469,0.9805,0.13084892058372496
19,0.98215,0.1272322471499443,0.9772,0.14437101714611053
20,0.9817833333333333,0.129264074075222,0.9828,0.12514913874864578
21,0.9820666666666666,0.12590667027632396,0.9817,0.12645222554206847
22,0.9821833333333333,0.12518521840572358,0.9814,0.12454846197366715
23,0.9824333333333334,0.12533369337717692,0.9834,0.11696152461767197
24,0.9824,0.12382663069566091,0.9803,0.12805039311647415
25,0.98285,0.12294302767117818,0.9846,0.115488733959198
26,0.9825,0.12332804433902105,0.9847,0.11443606847524643
27,0.9828,0.12017701710859935,0.9801,0.13278893822431564
28,0.9824,0.12128147434393564,0.9807,0.12443098465204239
29,0.9828,0.11935269741217296,0.9818,0.11795023735761642
30,0.9823333333333333,0.12019289680322011,0.9802,0.12459826896190643
31,0.9828333333333333,0.11810559910138448,0.9847,0.11545856444835663
32,0.9831333333333333,0.11665506952206293,0.9833,0.11795769381523133
33,0.9833833333333334,0.11762787878115973,0.9819,0.11846188983917236
34,0.9828,0.11750039629538854,0.9832,0.11349914404153824
35,0.9830333333333333,0.11716557931900025,0.9805,0.12013516077995301
36,0.9827333333333333,0.11687851003408432,0.9812,0.12277843177318573
37,0.98325,0.11684971398512523,0.9828,0.1155127991437912
38,0.9822666666666666,0.11839227027893066,0.9816,0.1204930682182312
39,0.9827166666666667,0.11718014116684596,0.9812,0.11928024736642838
40,0.9822,0.11692530346711477,0.9838,0.1137807821393013
41,0.9830833333333333,0.11650432480573654,0.9835,0.11463188132047653
42,0.9830333333333333,0.11559542590777079,0.9822,0.1180223120689392
43,0.9829166666666667,0.11550049036343893,0.9816,0.12013966584205628
44,0.9835833333333334,0.11450411869287491,0.9808,0.12170804555416107
45,0.98295,0.11510958109299342,0.9829,0.11437579864263535
46,0.9826666666666667,0.1146217935760816,0.9818,0.11854054154157638
47,0.9829666666666667,0.11500121038357417,0.9838,0.11097977949380874
48,0.9831333333333333,0.1151034673055013,0.984,0.10953204581737519
49,0.9836166666666667,0.1131787937661012,0.9816,0.11980486556291581
50,0.9829666666666667,0.11319512674411138,0.984,0.10837968087196351
51,0.9833333333333333,0.11315349757870038,0.9839,0.11040048846006394
52,0.9843166666666666,0.11076319352785746,0.9828,0.11056093497276306
53,0.98395,0.11319516211152077,0.9828,0.11095769881010055
54,0.9838833333333333,0.11172872822284699,0.9843,0.1105475799202919
55,0.9829833333333333,0.11356922921140988,0.9833,0.1126134680390358
56,0.98365,0.11236643158197403,0.9807,0.12300722196102143
57,0.9837,0.11042512288490931,0.9843,0.10677495402097702
58,0.9842666666666666,0.1099999948879083,0.9847,0.1079357736825943
59,0.98335,0.11168754855195681,0.9816,0.11714707905054092
60,0.98335,0.11132623077829679,0.9827,0.11734605215787887
61,0.9837833333333333,0.11057864332993825,0.9836,0.11276185704469681
62,0.9832333333333333,0.1118276891251405,0.983,0.11334059489965438
63,0.9835333333333334,0.11159931225776672,0.9807,0.12011724259853362
64,0.9835833333333334,0.11164208562374114,0.9826,0.11259388630390167
65,0.9836666666666667,0.11008814843098323,0.9822,0.11603634632825852
66,0.9834333333333334,0.11156812753478686,0.9826,0.10916080043911934
67,0.9829666666666667,0.11121530286471049,0.9826,0.1162865186214447
68,0.9841333333333333,0.10951159576177596,0.9843,0.10520069441795349
69,0.9842666666666666,0.10928235613306364,0.9862,0.10331880899071694
70,0.98415,0.10821361564199129,0.9813,0.11759794927239418
71,0.9842833333333333,0.10901686254938443,0.983,0.10921721330881119
72,0.9839833333333333,0.10845851263801257,0.9815,0.11686063318252564
73,0.9842833333333333,0.10814558518330256,0.9816,0.11375166559815407
74,0.9840833333333333,0.10801908685763677,0.9834,0.11085860048532487
75,0.984,0.10940074919462205,0.9823,0.11132810958623886
76,0.9832166666666666,0.10946192148725192,0.9816,0.1178092890381813
77,0.9840666666666666,0.10876985802253088,0.9843,0.10991688405871392
78,0.98355,0.10928029728730519,0.9839,0.11004365772604942
79,0.98445,0.1076059951643149,0.9834,0.10832519805431366
80,0.9844166666666667,0.10771768468022347,0.9821,0.11330618953704834
81,0.9839166666666667,0.10782536460558573,0.9798,0.11892683998346329
82,0.9835333333333334,0.10890581991871198,0.9831,0.11047467650175094
83,0.9847166666666667,0.10710085389018059,0.9813,0.11806252452135087
84,0.9842166666666666,0.10745056406458219,0.9822,0.11314414781332016
85,0.9840666666666666,0.10792590881586075,0.985,0.1076018758893013
86,0.9840666666666666,0.10807653637329738,0.9829,0.10846257882118225
87,0.9841333333333333,0.10831922367811203,0.981,0.11592229940891266
88,0.9831166666666666,0.10910668430328369,0.9815,0.11525059791207314
89,0.9838,0.10754394568800926,0.9814,0.1142647330403328
