epoch,acc,loss,val_acc,val_loss
0,0.9392,0.38510177586873373,0.9744,0.267946874332428
1,0.9648166666666667,0.2845864369869232,0.9786,0.23470632588863372
2,0.97,0.2611478370587031,0.9773,0.24062219896316528
3,0.9710833333333333,0.24922614758809408,0.9803,0.22059170186519622
4,0.9724666666666667,0.23809139139652252,0.98,0.2120354260444641
5,0.9746333333333334,0.22719514601230623,0.9772,0.2107818579673767
6,0.97385,0.2223455646276474,0.9787,0.2076178045988083
7,0.9755333333333334,0.2173169202566147,0.9797,0.19400671284198762
8,0.9751166666666666,0.2138279488960902,0.98,0.19897356646060943
9,0.9764666666666667,0.2078517914056778,0.9808,0.1880264925479889
10,0.97585,0.20473884821732838,0.9828,0.18098422508239745
11,0.9765,0.19978899276256562,0.9779,0.19522744879722595
12,0.97585,0.19822947789827983,0.9823,0.1810086531639099
13,0.97655,0.1932554085969925,0.9806,0.18028532078266143
14,0.9767666666666667,0.1918848749756813,0.9827,0.16884039025306702
15,0.9773833333333334,0.1876855870525042,0.9849,0.1654779934644699
16,0.9757833333333333,0.1895735356648763,0.982,0.1708793943166733
17,0.97695,0.1850705340107282,0.9799,0.17521474292278288
18,0.97775,0.18172518954674402,0.9814,0.16631817889213563
19,0.97705,0.18203318680524827,0.9831,0.16395153070688248
20,0.97725,0.1802120218594869,0.9836,0.1609538426399231
21,0.9773833333333334,0.17829119905630747,0.9854,0.1501019843816757
22,0.9773666666666667,0.17766218830744426,0.9841,0.15586152033805847
23,0.9780666666666666,0.1746262044429779,0.9799,0.16634214009046555
24,0.9780833333333333,0.1741711903532346,0.9833,0.16049702515602113
25,0.9784833333333334,0.1716038793126742,0.9846,0.1520492909193039
26,0.97805,0.17198040000597636,0.9816,0.16148993091583252
27,0.9775166666666667,0.17359541869958242,0.9801,0.16132409163713454
28,0.9780166666666666,0.1697790286978086,0.9838,0.15447749140262604
29,0.97845,0.17004011925856272,0.9849,0.14752003744840622
30,0.9784833333333334,0.1678265764037768,0.9847,0.14764054691791534
31,0.9780166666666666,0.16757616296211877,0.9823,0.1545929381132126
32,0.9780333333333333,0.1675603058775266,0.9846,0.14667365572452545
33,0.9783333333333334,0.1666134136279424,0.9822,0.1528301436781883
34,0.9790666666666666,0.16635949137210845,0.9822,0.15114546101093293
35,0.97795,0.16590615400473277,0.985,0.14794389412403106
36,0.9783333333333334,0.16464755169550577,0.9795,0.16385394761562347
37,0.9786666666666667,0.1654744582573573,0.9831,0.15036284168958663
38,0.9784833333333334,0.1643137692173322,0.9851,0.1407414391517639
39,0.9789666666666667,0.16196268006165823,0.9865,0.13938043333292008
40,0.9791333333333333,0.16143608332475026,0.985,0.13982759251594543
41,0.9794666666666667,0.16047729234695435,0.9833,0.14374176950454712
42,0.9784333333333334,0.16237816894054413,0.9802,0.15237317212820053
43,0.9792666666666666,0.15964524155457815,0.985,0.14053738193511964
44,0.9787666666666667,0.15959803010225296,0.9842,0.14246327698230743
45,0.9782166666666666,0.1600628356138865,0.9841,0.14212254316806794
46,0.9794666666666667,0.1582092494448026,0.9855,0.14034818480014802
47,0.9788333333333333,0.1585136329372724,0.9814,0.15330533303022384
48,0.97925,0.15725732923348745,0.9847,0.13863613939285277
49,0.9782666666666666,0.15918934808572133,0.9827,0.14463107134103775
50,0.97865,0.15706548930009206,0.9829,0.14753750059604645
51,0.9786666666666667,0.1579775691072146,0.9826,0.1443291195631027
52,0.9788666666666667,0.157117309431235,0.9824,0.14265779862403868
53,0.9789833333333333,0.15634071302811306,0.9827,0.14572977049350738
54,0.9785,0.15665879216988882,0.9841,0.14287135379314422
55,0.9796,0.1543819665869077,0.9859,0.1362298315167427
56,0.9791333333333333,0.15425924193461735,0.9819,0.14853561805486679
57,0.9786333333333334,0.15730834126075108,0.9829,0.14303406927585602
58,0.9796333333333334,0.15102231232325236,0.9804,0.1492581747531891
59,0.9788333333333333,0.15470414218107859,0.9847,0.1337464145183563
60,0.9788,0.15374351187149685,0.9869,0.13239367561340332
61,0.9792,0.15224430032571157,0.9829,0.14292665585279465
62,0.9795333333333334,0.15339389626582464,0.9857,0.13258336808681487
63,0.9799166666666667,0.1507848339120547,0.9804,0.14862529804706573
64,0.9791666666666666,0.15170377921263378,0.9829,0.13886098695993424
65,0.9793833333333334,0.15276944991747538,0.9868,0.1336836119055748
66,0.97955,0.15051512929201127,0.9852,0.13231748641729354
67,0.98015,0.15034402026335397,0.984,0.13597796008586885
68,0.9791,0.15307084729671477,0.984,0.1353374978661537
69,0.9802833333333333,0.14855608489513397,0.986,0.1326345764875412
70,0.9794166666666667,0.15085919375419618,0.9802,0.15000210559368132
71,0.97845,0.15348055445750555,0.9864,0.1292904658317566
72,0.9790666666666666,0.15050424474875132,0.9846,0.13347977771759034
73,0.97995,0.14902364941040674,0.9848,0.13281886236667634
74,0.9796666666666667,0.14944264039993285,0.9826,0.13419902410507203
75,0.9796,0.14952661332686742,0.9859,0.1365915153026581
76,0.9804166666666667,0.14804328240156173,0.9849,0.1355486332297325
77,0.98055,0.14710339366197586,0.9835,0.13858776761293412
78,0.98025,0.14743710528612136,0.9819,0.14170197174549104
79,0.979,0.15088168356021245,0.9849,0.1319623013496399
80,0.9801166666666666,0.14735931770006816,0.9852,0.13292450737953185
81,0.9797,0.14803075346946717,0.9806,0.14986003831624986
82,0.9796166666666667,0.14820397267738977,0.9857,0.13060682284832
83,0.9804,0.14696782768964767,0.9852,0.13281537501811982
84,0.9797,0.1478097885052363,0.9846,0.13801334888935088
85,0.9797833333333333,0.14666698538064957,0.9837,0.132974515581131
86,0.9801833333333333,0.1475644056558609,0.983,0.1363931142807007
87,0.9798166666666667,0.14752884085178375,0.9848,0.13138943639993667
88,0.9803166666666666,0.14624524157444635,0.9816,0.14092153416872025
89,0.97965,0.14822117774089177,0.9857,0.13279756605625154
90,0.9805833333333334,0.14666309489806492,0.9836,0.1354741069316864
91,0.9801166666666666,0.14683278411229453,0.9849,0.1285802012681961
92,0.9801666666666666,0.14573928769429526,0.9821,0.13696948269605635
93,0.9800833333333333,0.14524560484488805,0.9855,0.1320752652168274
94,0.9798666666666667,0.14631895407040915,0.9862,0.13170029438734054
95,0.9801666666666666,0.14580003286997478,0.9848,0.1347936633348465
96,0.9803166666666666,0.14676528279781342,0.9844,0.13621175943613054
97,0.9801166666666666,0.14661535421212515,0.9851,0.1310454692840576
98,0.98,0.1444763150691986,0.9845,0.13304785566329955
99,0.9802333333333333,0.1459336514075597,0.9844,0.13651590747833253
100,0.9801333333333333,0.1453217618584633,0.9845,0.12958601846694948
101,0.9806,0.14526996582349141,0.9843,0.1315496705532074
102,0.9801666666666666,0.1454810052951177,0.9843,0.12814523522853852
103,0.9797333333333333,0.14701484362681708,0.9863,0.1280100179195404
104,0.9809666666666667,0.14408398173252743,0.986,0.12430358390808105
105,0.98055,0.14343561668395996,0.9847,0.13212827951908113
106,0.9798666666666667,0.14613083138465882,0.9857,0.12712547446489333
107,0.9802666666666666,0.14368096033732097,0.9846,0.12844664583206178
108,0.9794666666666667,0.14689579499165217,0.9843,0.128637509393692
109,0.9796166666666667,0.14573564358552296,0.9842,0.13298502533435821
110,0.9801,0.1441708637992541,0.985,0.13205284600257874
111,0.9812166666666666,0.14153897193670273,0.9836,0.13353853060007095
112,0.9800166666666666,0.14499167114098868,0.9843,0.13241814329624177
113,0.9806166666666667,0.14439123313824337,0.9848,0.13220183258056642
114,0.9801166666666666,0.1442038531978925,0.9852,0.133484829723835
115,0.9800833333333333,0.14475028491417566,0.9787,0.1507094724416733
116,0.9799166666666667,0.14456010104815165,0.9855,0.12822228093147278
117,0.9800333333333333,0.14495815480947494,0.9852,0.13076474392414092
118,0.9804166666666667,0.14395771361589432,0.9881,0.12133015383481979
119,0.9799833333333333,0.14524905341466268,0.9833,0.13542272149324416
120,0.9806833333333334,0.14233065812985102,0.9864,0.12879348273277283
121,0.9801,0.14447159997622172,0.9857,0.12936679718494415
122,0.9810166666666666,0.14301712726354598,0.9853,0.12650400272607804
123,0.9804333333333334,0.14430624306201933,0.9837,0.13141752679347993
124,0.97995,0.1443315608859062,0.9832,0.13417617255449296
125,0.98075,0.14322395680745442,0.9804,0.1442096573829651
126,0.9808166666666667,0.14228135708173115,0.9841,0.13416095809936524
127,0.98005,0.14448120377461116,0.9851,0.1258552953004837
128,0.9800666666666666,0.14416946854988735,0.9855,0.12679956517219543
129,0.9801333333333333,0.1436534408291181,0.9853,0.1292207978963852
130,0.98085,0.14441412274042764,0.9862,0.12728585600852965
131,0.9802833333333333,0.1434582598765691,0.9836,0.13659067620038987
132,0.9800166666666666,0.14399028992255528,0.9838,0.13050281434059144
133,0.98065,0.14317040907144546,0.9842,0.12980706269741057
134,0.9802333333333333,0.143103422276179,0.9843,0.1271097825884819
135,0.9798,0.1422315040508906,0.9844,0.13373542600870134
136,0.9801,0.14300193199714026,0.9847,0.13104636397361755
137,0.9804833333333334,0.14201746232906978,0.9863,0.12813525969982148
138,0.9806166666666667,0.14276045084397,0.9839,0.1331849541783333
